{"uuid":"9ef9d1a1-2893-4c32-bfa8-3cefce72bdae","historyId":"6f438b3d8c7b34c6cce970b6f934d9a7","fullName":"praktikum.courier.CreateCourierTest.cannotCreateWithoutPassword","labels":[{"name":"package","value":"praktikum.courier"},{"name":"testClass","value":"praktikum.courier.CreateCourierTest"},{"name":"testMethod","value":"cannotCreateWithoutPassword"},{"name":"suite","value":"praktikum.courier.CreateCourierTest"},{"name":"host","value":"DESKTOP-BBTECP2"},{"name":"thread","value":"30564@DESKTOP-BBTECP2.main(1)"},{"name":"framework","value":"junit4"},{"name":"language","value":"java"}],"links":[],"name":"ошибка регистрации курьера. без пароля","status":"failed","statusDetails":{"known":false,"muted":false,"flaky":false,"message":"expected:<[message]> but was:<[code, message]>","trace":"java.lang.AssertionError: expected:<[message]> but was:<[code, message]>\r\n\tat org.junit.Assert.fail(Assert.java:89)\r\n\tat org.junit.Assert.failNotEquals(Assert.java:835)\r\n\tat org.junit.Assert.assertEquals(Assert.java:120)\r\n\tat org.junit.Assert.assertEquals(Assert.java:146)\r\n\tat praktikum.courier.CourierChecks.checkFailed(CourierChecks.java:32)\r\n\tat praktikum.courier.CreateCourierTest.cannotCreateWithoutPassword(CreateCourierTest.java:73)\r\n\tat java.base/jdk.internal.reflect.NativeMethodAccessorImpl.invoke0(Native Method)\r\n\tat java.base/jdk.internal.reflect.NativeMethodAccessorImpl.invoke(NativeMethodAccessorImpl.java:62)\r\n\tat java.base/jdk.internal.reflect.DelegatingMethodAccessorImpl.invoke(DelegatingMethodAccessorImpl.java:43)\r\n\tat java.base/java.lang.reflect.Method.invoke(Method.java:566)\r\n\tat org.junit.runners.model.FrameworkMethod$1.runReflectiveCall(FrameworkMethod.java:59)\r\n\tat org.junit.internal.runners.model.ReflectiveCallable.run(ReflectiveCallable.java:12)\r\n\tat org.junit.runners.model.FrameworkMethod.invokeExplosively(FrameworkMethod.java:56)\r\n\tat org.junit.internal.runners.statements.InvokeMethod.evaluate(InvokeMethod.java:17)\r\n\tat org.junit.internal.runners.statements.RunAfters.evaluate(RunAfters.java:27)\r\n\tat org.junit.runners.ParentRunner$3.evaluate(ParentRunner.java:306)\r\n\tat org.junit.runners.BlockJUnit4ClassRunner$1.evaluate(BlockJUnit4ClassRunner.java:100)\r\n\tat org.junit.runners.ParentRunner.runLeaf(ParentRunner.java:366)\r\n\tat org.junit.runners.BlockJUnit4ClassRunner.runChild(BlockJUnit4ClassRunner.java:103)\r\n\tat org.junit.runners.BlockJUnit4ClassRunner.runChild(BlockJUnit4ClassRunner.java:63)\r\n\tat org.junit.runners.ParentRunner$4.run(ParentRunner.java:331)\r\n\tat org.junit.runners.ParentRunner$1.schedule(ParentRunner.java:79)\r\n\tat org.junit.runners.ParentRunner.runChildren(ParentRunner.java:329)\r\n\tat org.junit.runners.ParentRunner.access$100(ParentRunner.java:66)\r\n\tat org.junit.runners.ParentRunner$2.evaluate(ParentRunner.java:293)\r\n\tat org.junit.runners.ParentRunner$3.evaluate(ParentRunner.java:306)\r\n\tat org.junit.runners.ParentRunner.run(ParentRunner.java:413)\r\n\tat org.apache.maven.surefire.junit4.JUnit4Provider.execute(JUnit4Provider.java:365)\r\n\tat org.apache.maven.surefire.junit4.JUnit4Provider.executeWithRerun(JUnit4Provider.java:273)\r\n\tat org.apache.maven.surefire.junit4.JUnit4Provider.executeTestSet(JUnit4Provider.java:238)\r\n\tat org.apache.maven.surefire.junit4.JUnit4Provider.invoke(JUnit4Provider.java:159)\r\n\tat org.apache.maven.surefire.booter.ForkedBooter.invokeProviderInSameClassLoader(ForkedBooter.java:384)\r\n\tat org.apache.maven.surefire.booter.ForkedBooter.runSuitesInProcess(ForkedBooter.java:345)\r\n\tat org.apache.maven.surefire.booter.ForkedBooter.execute(ForkedBooter.java:126)\r\n\tat org.apache.maven.surefire.booter.ForkedBooter.main(ForkedBooter.java:418)\r\n"},"stage":"finished","steps":[{"name":"создать курьера","status":"passed","stage":"finished","steps":[],"attachments":[],"parameters":[{"name":"courier","value":"praktikum.courier.Courier@72a61e61"}],"start":1727968013726,"stop":1727968013841},{"name":"создать не получилось","status":"failed","statusDetails":{"known":false,"muted":false,"flaky":false,"message":"expected:<[message]> but was:<[code, message]>","trace":"java.lang.AssertionError: expected:<[message]> but was:<[code, message]>\r\n\tat org.junit.Assert.fail(Assert.java:89)\r\n\tat org.junit.Assert.failNotEquals(Assert.java:835)\r\n\tat org.junit.Assert.assertEquals(Assert.java:120)\r\n\tat org.junit.Assert.assertEquals(Assert.java:146)\r\n\tat praktikum.courier.CourierChecks.checkFailed(CourierChecks.java:32)\r\n\tat praktikum.courier.CreateCourierTest.cannotCreateWithoutPassword(CreateCourierTest.java:73)\r\n\tat java.base/jdk.internal.reflect.NativeMethodAccessorImpl.invoke0(Native Method)\r\n\tat java.base/jdk.internal.reflect.NativeMethodAccessorImpl.invoke(NativeMethodAccessorImpl.java:62)\r\n\tat java.base/jdk.internal.reflect.DelegatingMethodAccessorImpl.invoke(DelegatingMethodAccessorImpl.java:43)\r\n\tat java.base/java.lang.reflect.Method.invoke(Method.java:566)\r\n\tat org.junit.runners.model.FrameworkMethod$1.runReflectiveCall(FrameworkMethod.java:59)\r\n\tat org.junit.internal.runners.model.ReflectiveCallable.run(ReflectiveCallable.java:12)\r\n\tat org.junit.runners.model.FrameworkMethod.invokeExplosively(FrameworkMethod.java:56)\r\n\tat org.junit.internal.runners.statements.InvokeMethod.evaluate(InvokeMethod.java:17)\r\n\tat org.junit.internal.runners.statements.RunAfters.evaluate(RunAfters.java:27)\r\n\tat org.junit.runners.ParentRunner$3.evaluate(ParentRunner.java:306)\r\n\tat org.junit.runners.BlockJUnit4ClassRunner$1.evaluate(BlockJUnit4ClassRunner.java:100)\r\n\tat org.junit.runners.ParentRunner.runLeaf(ParentRunner.java:366)\r\n\tat org.junit.runners.BlockJUnit4ClassRunner.runChild(BlockJUnit4ClassRunner.java:103)\r\n\tat org.junit.runners.BlockJUnit4ClassRunner.runChild(BlockJUnit4ClassRunner.java:63)\r\n\tat org.junit.runners.ParentRunner$4.run(ParentRunner.java:331)\r\n\tat org.junit.runners.ParentRunner$1.schedule(ParentRunner.java:79)\r\n\tat org.junit.runners.ParentRunner.runChildren(ParentRunner.java:329)\r\n\tat org.junit.runners.ParentRunner.access$100(ParentRunner.java:66)\r\n\tat org.junit.runners.ParentRunner$2.evaluate(ParentRunner.java:293)\r\n\tat org.junit.runners.ParentRunner$3.evaluate(ParentRunner.java:306)\r\n\tat org.junit.runners.ParentRunner.run(ParentRunner.java:413)\r\n\tat org.apache.maven.surefire.junit4.JUnit4Provider.execute(JUnit4Provider.java:365)\r\n\tat org.apache.maven.surefire.junit4.JUnit4Provider.executeWithRerun(JUnit4Provider.java:273)\r\n\tat org.apache.maven.surefire.junit4.JUnit4Provider.executeTestSet(JUnit4Provider.java:238)\r\n\tat org.apache.maven.surefire.junit4.JUnit4Provider.invoke(JUnit4Provider.java:159)\r\n\tat org.apache.maven.surefire.booter.ForkedBooter.invokeProviderInSameClassLoader(ForkedBooter.java:384)\r\n\tat org.apache.maven.surefire.booter.ForkedBooter.runSuitesInProcess(ForkedBooter.java:345)\r\n\tat org.apache.maven.surefire.booter.ForkedBooter.execute(ForkedBooter.java:126)\r\n\tat org.apache.maven.surefire.booter.ForkedBooter.main(ForkedBooter.java:418)\r\n"},"stage":"finished","steps":[],"attachments":[],"parameters":[{"name":"response","value":"io.restassured.internal.ValidatableResponseImpl@22617270"}],"start":1727968013841,"stop":1727968013843}],"attachments":[],"parameters":[],"start":1727968013725,"stop":1727968013844}